1509658314634	geckodriver	INFO	geckodriver 0.19.1
1509658314646	geckodriver	INFO	Listening on 127.0.0.1:56768
1509658316716	mozrunner::runner	INFO	Running command: "C:\\Program Files (x86)\\Mozilla Firefox\\firefox.exe" "-marionette" "-profile" "C:\\Users\\Natoo\\AppData\\Local\\Temp\\rust_mozprofile.Gx8AvXGJTHG5"
1509658317137	addons.xpi	WARN	Error parsing extensions state: [Exception... "Component returned failure code: 0x80520012 (NS_ERROR_FILE_NOT_FOUND) [amIAddonManagerStartup.readStartupData]"  nsresult: "0x80520012 (NS_ERROR_FILE_NOT_FOUND)"  location: "JS frame :: resource://gre/modules/addons/XPIProvider.jsm :: loadExtensionState :: line 1554"  data: no] Stack trace: loadExtensionState()@resource://gre/modules/addons/XPIProvider.jsm:1554 < getInstallState()@resource://gre/modules/addons/XPIProvider.jsm:1589 < checkForChanges()@resource://gre/modules/addons/XPIProvider.jsm:3109 < startup()@resource://gre/modules/addons/XPIProvider.jsm:2188 < callProvider()@resource://gre/modules/AddonManager.jsm:269 < _startProvider()@resource://gre/modules/AddonManager.jsm:739 < startup()@resource://gre/modules/AddonManager.jsm:906 < startup()@resource://gre/modules/AddonManager.jsm:3090 < observe()@jar:file:///C:/Program%20Files%20(x86)/Mozilla%20Firefox/omni.ja!/components/addonManager.js:65
1509658317556	Marionette	INFO	Enabled via --marionette
Unable to read VR Path Registry from C:\Users\Natoo\AppData\Local\openvr\openvrpaths.vrpath
[Parent 5900] WARNING: pipe error: 109: file z:/build/build/src/ipc/chromium/src/chrome/common/ipc_channel_win.cc, line 346
Unable to read VR Path Registry from C:\Users\Natoo\AppData\Local\openvr\openvrpaths.vrpath
[Child 5356] WARNING: pipe error: 109: file z:/build/build/src/ipc/chromium/src/chrome/common/ipc_channel_win.cc, line 346
[Child 5356] WARNING: pipe error: 109: file z:/build/build/src/ipc/chromium/src/chrome/common/ipc_channel_win.cc, line 346
1509658318911	Marionette	INFO	Listening on port 56775
1509658318936	Marionette	WARN	TLS certificate errors will be ignored for this session
1509658318984	Marionette	DEBUG	Register listener.js for window 4294967297
1509658319035	Marionette	DEBUG	Received DOM event "beforeunload" for "about:blank"
1509658319057	Marionette	DEBUG	Received DOM event "pagehide" for "about:blank"
1509658319058	Marionette	DEBUG	Received DOM event "unload" for "about:blank"
1509658319058	Marionette	DEBUG	Received observer notification "outer-window-destroyed" for "4294967297"
Unable to read VR Path Registry from C:\Users\Natoo\AppData\Local\openvr\openvrpaths.vrpath
[Child 12420] WARNING: pipe error: 109: file z:/build/build/src/ipc/chromium/src/chrome/common/ipc_channel_win.cc, line 346
1509658319431	Marionette	DEBUG	Register listener.js for window 8589934593
1509658319490	Marionette	DEBUG	Check readyState "uninitialized for "about:blank"
1509658320258	Marionette	DEBUG	Received DOM event "DOMContentLoaded" for "file:///C:/Users/Natoo/Python/Learning/Poland_Map_Generator(NUTS-2)/testmap.html"
1509658322562	Marionette	DEBUG	Received DOM event "pageshow" for "file:///C:/Users/Natoo/Python/Learning/Poland_Map_Generator(NUTS-2)/testmap.html"
1509658322686	Marionette	INFO	New connections will no longer be accepted
1509658499163	geckodriver	INFO	geckodriver 0.19.1
1509658499171	geckodriver	INFO	Listening on 127.0.0.1:56836
1509658501264	mozrunner::runner	INFO	Running command: "C:\\Program Files (x86)\\Mozilla Firefox\\firefox.exe" "-marionette" "-profile" "C:\\Users\\Natoo\\AppData\\Local\\Temp\\rust_mozprofile.Ln6imDgwQN7E"
1509658501722	addons.xpi	WARN	Error parsing extensions state: [Exception... "Component returned failure code: 0x80520012 (NS_ERROR_FILE_NOT_FOUND) [amIAddonManagerStartup.readStartupData]"  nsresult: "0x80520012 (NS_ERROR_FILE_NOT_FOUND)"  location: "JS frame :: resource://gre/modules/addons/XPIProvider.jsm :: loadExtensionState :: line 1554"  data: no] Stack trace: loadExtensionState()@resource://gre/modules/addons/XPIProvider.jsm:1554 < getInstallState()@resource://gre/modules/addons/XPIProvider.jsm:1589 < checkForChanges()@resource://gre/modules/addons/XPIProvider.jsm:3109 < startup()@resource://gre/modules/addons/XPIProvider.jsm:2188 < callProvider()@resource://gre/modules/AddonManager.jsm:269 < _startProvider()@resource://gre/modules/AddonManager.jsm:739 < startup()@resource://gre/modules/AddonManager.jsm:906 < startup()@resource://gre/modules/AddonManager.jsm:3090 < observe()@jar:file:///C:/Program%20Files%20(x86)/Mozilla%20Firefox/omni.ja!/components/addonManager.js:65
1509658502097	Marionette	INFO	Enabled via --marionette
Unable to read VR Path Registry from C:\Users\Natoo\AppData\Local\openvr\openvrpaths.vrpath
[Parent 18892] WARNING: pipe error: 109: file z:/build/build/src/ipc/chromium/src/chrome/common/ipc_channel_win.cc, line 346
Unable to read VR Path Registry from C:\Users\Natoo\AppData\Local\openvr\openvrpaths.vrpath
[Child 16700] WARNING: pipe error: 109: file z:/build/build/src/ipc/chromium/src/chrome/common/ipc_channel_win.cc, line 346
[Child 16700] WARNING: pipe error: 109: file z:/build/build/src/ipc/chromium/src/chrome/common/ipc_channel_win.cc, line 346
1509658503365	Marionette	INFO	Listening on port 56842
1509658503511	Marionette	WARN	TLS certificate errors will be ignored for this session
1509658503544	Marionette	DEBUG	Register listener.js for window 4294967297
1509658503575	Marionette	DEBUG	Received DOM event "beforeunload" for "about:blank"
1509658503608	Marionette	DEBUG	Received DOM event "pagehide" for "about:blank"
1509658503609	Marionette	DEBUG	Received DOM event "unload" for "about:blank"
1509658503609	Marionette	DEBUG	Received observer notification "outer-window-destroyed" for "4294967297"
[Parent 18892] WARNING: pipe error: 109: file z:/build/build/src/ipc/chromium/src/chrome/common/ipc_channel_win.cc, line 346
Unable to read VR Path Registry from C:\Users\Natoo\AppData\Local\openvr\openvrpaths.vrpath
[Child 5504] WARNING: pipe error: 109: file z:/build/build/src/ipc/chromium/src/chrome/common/ipc_channel_win.cc, line 346
[Child 5504] WARNING: pipe error: 109: file z:/build/build/src/ipc/chromium/src/chrome/common/ipc_channel_win.cc, line 346
1509658504087	Marionette	DEBUG	Register listener.js for window 8589934593
1509658504144	Marionette	DEBUG	Check readyState "uninitialized for "about:blank"
1509658504848	Marionette	DEBUG	Received DOM event "DOMContentLoaded" for "file:///C:/Users/Natoo/Python/Learning/Poland_Map_Generator(NUTS-2)/testmap.html"
1509658507420	Marionette	DEBUG	Received DOM event "pageshow" for "file:///C:/Users/Natoo/Python/Learning/Poland_Map_Generator(NUTS-2)/testmap.html"
1509658507523	Marionette	INFO	New connections will no longer be accepted
[GFX1-]: Receive IPC close with reason=AbnormalShutdown
